[debug] [2021-03-18T12:54:43.941Z] ----------------------------------------------------------------------
[debug] [2021-03-18T12:54:43.943Z] Command:       C:\Program Files\nodejs\node.exe C:\Users\tiago\AppData\Roaming\npm\node_modules\firebase-tools\lib\bin\firebase.js emulators:start
[debug] [2021-03-18T12:54:43.944Z] CLI Version:   9.6.1
[debug] [2021-03-18T12:54:43.944Z] Platform:      win32
[debug] [2021-03-18T12:54:43.944Z] Node Version:  v15.11.0
[debug] [2021-03-18T12:54:43.945Z] Time:          Thu Mar 18 2021 09:54:43 GMT-0300 (Horário Padrão de Brasília)
[debug] [2021-03-18T12:54:43.946Z] ----------------------------------------------------------------------
[debug] [2021-03-18T12:54:43.946Z] 
[debug] [2021-03-18T12:54:43.953Z] > command requires scopes: ["email","openid","https://www.googleapis.com/auth/cloudplatformprojects.readonly","https://www.googleapis.com/auth/firebase","https://www.googleapis.com/auth/cloud-platform"]
[debug] [2021-03-18T12:54:43.953Z] > authorizing via signed-in user
[info] i  emulators: Starting emulators: auth, functions, firestore, database, hosting, pubsub {"metadata":{"emulator":{"name":"hub"},"message":"Starting emulators: auth, functions, firestore, database, hosting, pubsub"}}
[debug] [2021-03-18T12:54:43.982Z] [hub] writing locator at C:\Users\tiago\AppData\Local\Temp\hub-movfit-b3668.json
[warn] !  Your requested "node" version "12" doesn't match your global version "15" {"metadata":{"emulator":{"name":"functions"},"message":"Your requested \"node\" version \"12\" doesn't match your global version \"15\""}}
[debug] [2021-03-18T12:54:44.016Z] defaultcredentials: writing to file C:\Users\tiago\AppData\Roaming\firebase\tiagoalexandremantovani_gmail_com_application_default_credentials.json
[debug] [2021-03-18T12:54:44.019Z] Setting GAC to C:\Users\tiago\AppData\Roaming\firebase\tiagoalexandremantovani_gmail_com_application_default_credentials.json {"metadata":{"emulator":{"name":"functions"},"message":"Setting GAC to C:\\Users\\tiago\\AppData\\Roaming\\firebase\\tiagoalexandremantovani_gmail_com_application_default_credentials.json"}}
[debug] [2021-03-18T12:54:44.021Z] > refreshing access token with scopes: []
[debug] [2021-03-18T12:54:44.021Z] >>> HTTP REQUEST POST https://www.googleapis.com/oauth2/v3/token  
 <request body omitted>
[debug] [2021-03-18T12:54:44.187Z] <<< HTTP RESPONSE 200 {"cache-control":"no-cache, no-store, max-age=0, must-revalidate","expires":"Mon, 01 Jan 1990 00:00:00 GMT","pragma":"no-cache","date":"Thu, 18 Mar 2021 12:54:44 GMT","content-type":"application/json; charset=utf-8","vary":"X-Origin, Referer, Origin,Accept-Encoding","server":"scaffolding on HTTPServer2","x-xss-protection":"0","x-frame-options":"SAMEORIGIN","x-content-type-options":"nosniff","alt-svc":"h3-29=\":443\"; ma=2592000,h3-T051=\":443\"; ma=2592000,h3-Q050=\":443\"; ma=2592000,h3-Q046=\":443\"; ma=2592000,h3-Q043=\":443\"; ma=2592000,quic=\":443\"; ma=2592000; v=\"46,43\"","accept-ranges":"none","transfer-encoding":"chunked"}
[debug] [2021-03-18T12:54:44.200Z] >>> [apiv2][query] GET https://firebase.googleapis.com/v1beta1/projects/movfit-b3668/adminSdkConfig [none]
[debug] [2021-03-18T12:54:44.668Z] <<< [apiv2][status] GET https://firebase.googleapis.com/v1beta1/projects/movfit-b3668/adminSdkConfig 200
[debug] [2021-03-18T12:54:44.668Z] <<< [apiv2][body] GET https://firebase.googleapis.com/v1beta1/projects/movfit-b3668/adminSdkConfig {"projectId":"movfit-b3668","databaseURL":"https://movfit-b3668-default-rtdb.firebaseio.com","storageBucket":"movfit-b3668.appspot.com","locationId":"us-central"}
[debug] [2021-03-18T12:54:44.686Z] Ignoring unsupported arg: projectId {"metadata":{"emulator":{"name":"firestore"},"message":"Ignoring unsupported arg: projectId"}}
[debug] [2021-03-18T12:54:44.686Z] Ignoring unsupported arg: auto_download {"metadata":{"emulator":{"name":"firestore"},"message":"Ignoring unsupported arg: auto_download"}}
[debug] [2021-03-18T12:54:44.686Z] Starting Firestore Emulator with command {"binary":"java","args":["-Dgoogle.cloud_firestore.debug_log_level=FINE","-Duser.language=en","-jar","C:\\Users\\tiago\\.cache\\firebase\\emulators\\cloud-firestore-emulator-v1.11.12.jar","--host","localhost","--port",8080,"--rules","C:\\Users\\tiago\\movfit\\firestore.rules","--functions_emulator","localhost:5001"],"optionalArgs":["port","webchannel_port","host","rules","functions_emulator","seed_from_export"],"joinArgs":false} {"metadata":{"emulator":{"name":"firestore"},"message":"Starting Firestore Emulator with command {\"binary\":\"java\",\"args\":[\"-Dgoogle.cloud_firestore.debug_log_level=FINE\",\"-Duser.language=en\",\"-jar\",\"C:\\\\Users\\\\tiago\\\\.cache\\\\firebase\\\\emulators\\\\cloud-firestore-emulator-v1.11.12.jar\",\"--host\",\"localhost\",\"--port\",8080,\"--rules\",\"C:\\\\Users\\\\tiago\\\\movfit\\\\firestore.rules\",\"--functions_emulator\",\"localhost:5001\"],\"optionalArgs\":[\"port\",\"webchannel_port\",\"host\",\"rules\",\"functions_emulator\",\"seed_from_export\"],\"joinArgs\":false}"}}
[info] i  firestore: Firestore Emulator logging to firestore-debug.log {"metadata":{"emulator":{"name":"firestore"},"message":"Firestore Emulator logging to \u001b[1mfirestore-debug.log\u001b[22m"}}
[debug] [2021-03-18T12:54:47.071Z] >>> [apiv2][query] GET https://firebase.googleapis.com/v1beta1/projects/movfit-b3668 [none]
[debug] [2021-03-18T12:54:47.408Z] <<< [apiv2][status] GET https://firebase.googleapis.com/v1beta1/projects/movfit-b3668 200
[debug] [2021-03-18T12:54:47.408Z] <<< [apiv2][body] GET https://firebase.googleapis.com/v1beta1/projects/movfit-b3668 {"projectId":"movfit-b3668","projectNumber":"844781366317","displayName":"MovFit","name":"projects/movfit-b3668","resources":{"hostingSite":"movfit-b3668","realtimeDatabaseInstance":"movfit-b3668-default-rtdb","storageBucket":"movfit-b3668.appspot.com","locationId":"us-central"},"state":"ACTIVE"}
[debug] [2021-03-18T12:54:47.409Z] database rules config:  [{"instance":"movfit-b3668-default-rtdb","rules":"C:\\Users\\tiago\\movfit\\database.rules.json"}]
[debug] [2021-03-18T12:54:47.413Z] Ignoring unsupported arg: projectId {"metadata":{"emulator":{"name":"database"},"message":"Ignoring unsupported arg: projectId"}}
[debug] [2021-03-18T12:54:47.414Z] Ignoring unsupported arg: auto_download {"metadata":{"emulator":{"name":"database"},"message":"Ignoring unsupported arg: auto_download"}}
[debug] [2021-03-18T12:54:47.414Z] Ignoring unsupported arg: rules {"metadata":{"emulator":{"name":"database"},"message":"Ignoring unsupported arg: rules"}}
[debug] [2021-03-18T12:54:47.414Z] Starting Database Emulator with command {"binary":"java","args":["-Duser.language=en","-jar","C:\\Users\\tiago\\.cache\\firebase\\emulators\\firebase-database-emulator-v4.7.2.jar","--host","localhost","--port",9000,"--functions_emulator_host","localhost","--functions_emulator_port",5001],"optionalArgs":["port","host","functions_emulator_port","functions_emulator_host"],"joinArgs":false} {"metadata":{"emulator":{"name":"database"},"message":"Starting Database Emulator with command {\"binary\":\"java\",\"args\":[\"-Duser.language=en\",\"-jar\",\"C:\\\\Users\\\\tiago\\\\.cache\\\\firebase\\\\emulators\\\\firebase-database-emulator-v4.7.2.jar\",\"--host\",\"localhost\",\"--port\",9000,\"--functions_emulator_host\",\"localhost\",\"--functions_emulator_port\",5001],\"optionalArgs\":[\"port\",\"host\",\"functions_emulator_port\",\"functions_emulator_host\"],\"joinArgs\":false}"}}
[info] i  database: Database Emulator logging to database-debug.log {"metadata":{"emulator":{"name":"database"},"message":"Database Emulator logging to \u001b[1mdatabase-debug.log\u001b[22m"}}
[debug] [2021-03-18T12:54:51.959Z] Ignoring unsupported arg: projectId {"metadata":{"emulator":{"name":"pubsub"},"message":"Ignoring unsupported arg: projectId"}}
[debug] [2021-03-18T12:54:51.959Z] Ignoring unsupported arg: auto_download {"metadata":{"emulator":{"name":"pubsub"},"message":"Ignoring unsupported arg: auto_download"}}
[debug] [2021-03-18T12:54:51.959Z] Starting Pub/Sub Emulator with command {"binary":"C:\\Users\\tiago\\.cache\\firebase\\emulators\\pubsub-emulator-0.1.0\\pubsub-emulator\\bin\\cloud-pubsub-emulator.bat","args":["--host=localhost","--port=8085"],"optionalArgs":["port","host"],"joinArgs":true} {"metadata":{"emulator":{"name":"pubsub"},"message":"Starting Pub/Sub Emulator with command {\"binary\":\"C:\\\\Users\\\\tiago\\\\.cache\\\\firebase\\\\emulators\\\\pubsub-emulator-0.1.0\\\\pubsub-emulator\\\\bin\\\\cloud-pubsub-emulator.bat\",\"args\":[\"--host=localhost\",\"--port=8085\"],\"optionalArgs\":[\"port\",\"host\"],\"joinArgs\":true}"}}
[info] i  pubsub: Pub/Sub Emulator logging to pubsub-debug.log {"metadata":{"emulator":{"name":"pubsub"},"message":"Pub/Sub Emulator logging to \u001b[1mpubsub-debug.log\u001b[22m"}}
[debug] [2021-03-18T12:54:56.206Z] >>> [apiv2][query] GET https://firebase.googleapis.com/v1beta1/projects/movfit-b3668/webApps/-/config [none]
[debug] [2021-03-18T12:54:56.747Z] <<< [apiv2][status] GET https://firebase.googleapis.com/v1beta1/projects/movfit-b3668/webApps/-/config 200
[debug] [2021-03-18T12:54:56.747Z] <<< [apiv2][body] GET https://firebase.googleapis.com/v1beta1/projects/movfit-b3668/webApps/-/config {"projectId":"movfit-b3668","appId":"1:844781366317:web:bac77544170ca7dfbedca4","databaseURL":"https://movfit-b3668-default-rtdb.firebaseio.com","storageBucket":"movfit-b3668.appspot.com","locationId":"us-central","apiKey":"AIzaSyC2jW1U_4heNJHb9PD5k4PLEULnWIQ4FeM","authDomain":"movfit-b3668.firebaseapp.com","messagingSenderId":"844781366317"}
[info] i  hosting: Serving hosting files from: public {"metadata":{"emulator":{"name":"hosting"},"message":"Serving hosting files from: \u001b[1mpublic\u001b[22m"}}
[info] +  hosting: Local server: http://localhost:5000 {"metadata":{"emulator":{"name":"hosting"},"message":"Local server: \u001b[4m\u001b[1mhttp://localhost:5000\u001b[22m\u001b[24m"}}
[debug] [2021-03-18T12:54:56.787Z] Ignoring unsupported arg: auto_download {"metadata":{"emulator":{"name":"ui"},"message":"Ignoring unsupported arg: auto_download"}}
[debug] [2021-03-18T12:54:56.787Z] Ignoring unsupported arg: port {"metadata":{"emulator":{"name":"ui"},"message":"Ignoring unsupported arg: port"}}
[debug] [2021-03-18T12:54:56.787Z] Starting Emulator UI with command {"binary":"node","args":["C:\\Users\\tiago\\.cache\\firebase\\emulators\\ui-v1.4.2\\server.bundle.js"],"optionalArgs":[],"joinArgs":false} {"metadata":{"emulator":{"name":"ui"},"message":"Starting Emulator UI with command {\"binary\":\"node\",\"args\":[\"C:\\\\Users\\\\tiago\\\\.cache\\\\firebase\\\\emulators\\\\ui-v1.4.2\\\\server.bundle.js\"],\"optionalArgs\":[],\"joinArgs\":false}"}}
[info] i  ui: Emulator UI logging to ui-debug.log {"metadata":{"emulator":{"name":"ui"},"message":"Emulator UI logging to \u001b[1mui-debug.log\u001b[22m"}}
[debug] [2021-03-18T12:54:56.912Z] Web / API server started at http://localhost:4000
 {"metadata":{"emulator":{"name":"ui"},"message":"Web / API server started at http://localhost:4000\n"}}
[info] i  functions: Watching "C:\Users\tiago\movfit\functions" for Cloud Functions... {"metadata":{"emulator":{"name":"functions"},"message":"Watching \"C:\\Users\\tiago\\movfit\\functions\" for Cloud Functions..."}}
[debug] [2021-03-18T12:54:57.076Z] [worker-pool] addWorker(~diagnostic~) {"metadata":{"emulator":{"name":"functions"},"message":"[worker-pool] addWorker(~diagnostic~)"}}
[debug] [2021-03-18T12:54:57.076Z] [worker-pool] Adding worker with key ~diagnostic~, total=1 {"metadata":{"emulator":{"name":"functions"},"message":"[worker-pool] Adding worker with key ~diagnostic~, total=1"}}
[debug] [2021-03-18T12:54:57.076Z] [worker-pool] submitWork(triggerId=) {"metadata":{"emulator":{"name":"functions"},"message":"[worker-pool] submitWork(triggerId=)"}}
[debug] [2021-03-18T12:54:57.077Z] [worker-~diagnostic~-2067f71a-170e-44d3-a442-8eb3284f05eb]: Assigning socketPath: \\?\pipe\C:\Users\tiago\movfit\functions\7724 {"metadata":{"emulator":{"name":"functions"},"message":"[worker-~diagnostic~-2067f71a-170e-44d3-a442-8eb3284f05eb]: Assigning socketPath: \\\\?\\pipe\\C:\\Users\\tiago\\movfit\\functions\\7724"}}
[debug] [2021-03-18T12:54:57.078Z] [worker-~diagnostic~-2067f71a-170e-44d3-a442-8eb3284f05eb]: BUSY {"metadata":{"emulator":{"name":"functions"},"message":"[worker-~diagnostic~-2067f71a-170e-44d3-a442-8eb3284f05eb]: BUSY"}}
[debug] [2021-03-18T12:54:57.285Z] [runtime-status] [7724] Functions runtime initialized. {"cwd":"C:\\Users\\tiago\\movfit\\functions","node_version":"15.11.0"} {"metadata":{"emulator":{"name":"functions"},"message":"[runtime-status] [7724] Functions runtime initialized. {\"cwd\":\"C:\\\\Users\\\\tiago\\\\movfit\\\\functions\",\"node_version\":\"15.11.0\"}"}}
[debug] [2021-03-18T12:54:57.285Z] [runtime-status] [7724] Disabled runtime features: undefined {"metadata":{"emulator":{"name":"functions"},"message":"[runtime-status] [7724] Disabled runtime features: undefined"}}
[debug] [2021-03-18T12:54:57.289Z] [runtime-status] [7724] Resolved module firebase-admin {"declared":true,"installed":true,"version":"9.5.0","resolution":"C:\\Users\\tiago\\movfit\\functions\\node_modules\\firebase-admin\\lib\\index.js"} {"metadata":{"emulator":{"name":"functions"},"message":"[runtime-status] [7724] Resolved module firebase-admin {\"declared\":true,\"installed\":true,\"version\":\"9.5.0\",\"resolution\":\"C:\\\\Users\\\\tiago\\\\movfit\\\\functions\\\\node_modules\\\\firebase-admin\\\\lib\\\\index.js\"}"}}
[debug] [2021-03-18T12:54:57.291Z] [runtime-status] [7724] Resolved module firebase-functions {"declared":true,"installed":true,"version":"3.13.2","resolution":"C:\\Users\\tiago\\movfit\\functions\\node_modules\\firebase-functions\\lib\\index.js"} {"metadata":{"emulator":{"name":"functions"},"message":"[runtime-status] [7724] Resolved module firebase-functions {\"declared\":true,\"installed\":true,\"version\":\"3.13.2\",\"resolution\":\"C:\\\\Users\\\\tiago\\\\movfit\\\\functions\\\\node_modules\\\\firebase-functions\\\\lib\\\\index.js\"}"}}
[debug] [2021-03-18T12:54:57.293Z] [runtime-status] [7724] Resolved module firebase-functions {"declared":true,"installed":true,"version":"3.13.2","resolution":"C:\\Users\\tiago\\movfit\\functions\\node_modules\\firebase-functions\\lib\\index.js"} {"metadata":{"emulator":{"name":"functions"},"message":"[runtime-status] [7724] Resolved module firebase-functions {\"declared\":true,\"installed\":true,\"version\":\"3.13.2\",\"resolution\":\"C:\\\\Users\\\\tiago\\\\movfit\\\\functions\\\\node_modules\\\\firebase-functions\\\\lib\\\\index.js\"}"}}
[debug] [2021-03-18T12:54:57.293Z] [runtime-status] [7724] Set PUBSUB_EMULATOR_HOST to localhost:8085 {"metadata":{"emulator":{"name":"functions"},"message":"[runtime-status] [7724] Set PUBSUB_EMULATOR_HOST to localhost:8085"}}
[debug] [2021-03-18T12:54:57.295Z] [runtime-status] [7724] Outgoing network have been stubbed. [{"name":"http","status":"mocked"},{"name":"http","status":"mocked"},{"name":"https","status":"mocked"},{"name":"https","status":"mocked"},{"name":"net","status":"mocked"}] {"metadata":{"emulator":{"name":"functions"},"message":"[runtime-status] [7724] Outgoing network have been stubbed. [{\"name\":\"http\",\"status\":\"mocked\"},{\"name\":\"http\",\"status\":\"mocked\"},{\"name\":\"https\",\"status\":\"mocked\"},{\"name\":\"https\",\"status\":\"mocked\"},{\"name\":\"net\",\"status\":\"mocked\"}]"}}
[debug] [2021-03-18T12:54:57.298Z] [runtime-status] [7724] Resolved module firebase-functions {"declared":true,"installed":true,"version":"3.13.2","resolution":"C:\\Users\\tiago\\movfit\\functions\\node_modules\\firebase-functions\\lib\\index.js"} {"metadata":{"emulator":{"name":"functions"},"message":"[runtime-status] [7724] Resolved module firebase-functions {\"declared\":true,\"installed\":true,\"version\":\"3.13.2\",\"resolution\":\"C:\\\\Users\\\\tiago\\\\movfit\\\\functions\\\\node_modules\\\\firebase-functions\\\\lib\\\\index.js\"}"}}
[debug] [2021-03-18T12:54:57.356Z] [runtime-status] [7724] Checked functions.config() {"config":{}} {"metadata":{"emulator":{"name":"functions"},"message":"[runtime-status] [7724] Checked functions.config() {\"config\":{}}"}}
[debug] [2021-03-18T12:54:57.357Z] [runtime-status] [7724] firebase-functions has been stubbed. {"functionsResolution":{"declared":true,"installed":true,"version":"3.13.2","resolution":"C:\\Users\\tiago\\movfit\\functions\\node_modules\\firebase-functions\\lib\\index.js"}} {"metadata":{"emulator":{"name":"functions"},"message":"[runtime-status] [7724] firebase-functions has been stubbed. {\"functionsResolution\":{\"declared\":true,\"installed\":true,\"version\":\"3.13.2\",\"resolution\":\"C:\\\\Users\\\\tiago\\\\movfit\\\\functions\\\\node_modules\\\\firebase-functions\\\\lib\\\\index.js\"}}"}}
[debug] [2021-03-18T12:54:57.357Z] [runtime-status] [7724] Resolved module firebase-functions {"declared":true,"installed":true,"version":"3.13.2","resolution":"C:\\Users\\tiago\\movfit\\functions\\node_modules\\firebase-functions\\lib\\index.js"} {"metadata":{"emulator":{"name":"functions"},"message":"[runtime-status] [7724] Resolved module firebase-functions {\"declared\":true,\"installed\":true,\"version\":\"3.13.2\",\"resolution\":\"C:\\\\Users\\\\tiago\\\\movfit\\\\functions\\\\node_modules\\\\firebase-functions\\\\lib\\\\index.js\"}"}}
[debug] [2021-03-18T12:54:57.359Z] [runtime-status] [7724] Resolved module firebase-admin {"declared":true,"installed":true,"version":"9.5.0","resolution":"C:\\Users\\tiago\\movfit\\functions\\node_modules\\firebase-admin\\lib\\index.js"} {"metadata":{"emulator":{"name":"functions"},"message":"[runtime-status] [7724] Resolved module firebase-admin {\"declared\":true,\"installed\":true,\"version\":\"9.5.0\",\"resolution\":\"C:\\\\Users\\\\tiago\\\\movfit\\\\functions\\\\node_modules\\\\firebase-admin\\\\lib\\\\index.js\"}"}}
[debug] [2021-03-18T12:54:57.359Z] [runtime-status] [7724] Resolved module firebase-functions {"declared":true,"installed":true,"version":"3.13.2","resolution":"C:\\Users\\tiago\\movfit\\functions\\node_modules\\firebase-functions\\lib\\index.js"} {"metadata":{"emulator":{"name":"functions"},"message":"[runtime-status] [7724] Resolved module firebase-functions {\"declared\":true,\"installed\":true,\"version\":\"3.13.2\",\"resolution\":\"C:\\\\Users\\\\tiago\\\\movfit\\\\functions\\\\node_modules\\\\firebase-functions\\\\lib\\\\index.js\"}"}}
[debug] [2021-03-18T12:54:57.360Z] [runtime-status] [7724] firebase-admin has been stubbed. {"adminResolution":{"declared":true,"installed":true,"version":"9.5.0","resolution":"C:\\Users\\tiago\\movfit\\functions\\node_modules\\firebase-admin\\lib\\index.js"}} {"metadata":{"emulator":{"name":"functions"},"message":"[runtime-status] [7724] firebase-admin has been stubbed. {\"adminResolution\":{\"declared\":true,\"installed\":true,\"version\":\"9.5.0\",\"resolution\":\"C:\\\\Users\\\\tiago\\\\movfit\\\\functions\\\\node_modules\\\\firebase-admin\\\\lib\\\\index.js\"}}"}}
[debug] [2021-03-18T12:54:57.364Z] >>> HTTP REQUEST PUT http://localhost:9000/.settings/rules.json?ns=movfit-b3668-default-rtdb  
 {
  /* Visit https://firebase.google.com/docs/database/security to learn more about security rules. */
  "rules": {
    ".read": false,
    ".write": false
  }
}
[debug] [2021-03-18T12:54:57.366Z] [worker-~diagnostic~-2067f71a-170e-44d3-a442-8eb3284f05eb]: IDLE {"metadata":{"emulator":{"name":"functions"},"message":"[worker-~diagnostic~-2067f71a-170e-44d3-a442-8eb3284f05eb]: IDLE"}}
[debug] [2021-03-18T12:54:57.816Z] <<< HTTP RESPONSE 200 {"content-length":"15","content-type":"application/json; charset=utf-8","access-control-allow-origin":"*","cache-control":"no-cache","x-firebase-project-id":"movfit-b3668-default-rtdb","x-firebase-project-number":"123456789","x-firebase-uuid":"5fe6b511-05eb-4832-acc9-83966c290376"}
[info] 
┌─────────────────────────────────────────────────────────────┐
│ ✔  All emulators ready! It is now safe to connect your app. │
│ i  View Emulator UI at http://localhost:4000                │
└─────────────────────────────────────────────────────────────┘

┌────────────────┬────────────────┬─────────────────────────────────┐
│ Emulator       │ Host:Port      │ View in Emulator UI             │
├────────────────┼────────────────┼─────────────────────────────────┤
│ Authentication │ localhost:9099 │ http://localhost:4000/auth      │
├────────────────┼────────────────┼─────────────────────────────────┤
│ Functions      │ localhost:5001 │ http://localhost:4000/functions │
├────────────────┼────────────────┼─────────────────────────────────┤
│ Firestore      │ localhost:8080 │ http://localhost:4000/firestore │
├────────────────┼────────────────┼─────────────────────────────────┤
│ Database       │ localhost:9000 │ http://localhost:4000/database  │
├────────────────┼────────────────┼─────────────────────────────────┤
│ Hosting        │ localhost:5000 │ n/a                             │
├────────────────┼────────────────┼─────────────────────────────────┤
│ Pub/Sub        │ localhost:8085 │ n/a                             │
└────────────────┴────────────────┴─────────────────────────────────┘
  Emulator Hub running at localhost:4400
  Other reserved ports: 4500

Issues? Report them at https://github.com/firebase/firebase-tools/issues and attach the *-debug.log files.
 
[warn] !  Received a signed JWT. Auth Emulator does not validate JWTs and IS NOT SECURE {"metadata":{"emulator":{"name":"auth"},"message":"Received a signed JWT. Auth Emulator does not validate JWTs and IS NOT SECURE"}}
[debug] [2021-03-18T13:28:39.080Z] >>> [apiv2][query] POST http://localhost:5001/functions/projects/movfit-b3668/trigger_multicast [none]
[debug] [2021-03-18T13:28:39.080Z] >>> [apiv2][body] POST http://localhost:5001/functions/projects/movfit-b3668/trigger_multicast {"eventType":"providers/firebase.auth/eventTypes/user.create","data":{"uid":"LRztX7mewUfRDBlSxZecfpWw42er","email":"tiagoalexandremantovani@gmail.com","emailVerified":false,"metadata":{"creationTime":"1616074119078","lastSignInTime":"1616074119077"},"customClaims":{},"providerData":[{"providerId":"password","email":"tiagoalexandremantovani@gmail.com","federatedId":"tiagoalexandremantovani@gmail.com","rawId":"tiagoalexandremantovani@gmail.com"}]}}
[debug] [2021-03-18T13:28:39.091Z] <<< [apiv2][status] POST http://localhost:5001/functions/projects/movfit-b3668/trigger_multicast 200
[debug] [2021-03-18T13:28:39.091Z] <<< [apiv2][body] POST http://localhost:5001/functions/projects/movfit-b3668/trigger_multicast {"status":"multicast_acknowledged"}
[warn] !  Received a signed JWT. Auth Emulator does not validate JWTs and IS NOT SECURE {"metadata":{"emulator":{"name":"auth"},"message":"Received a signed JWT. Auth Emulator does not validate JWTs and IS NOT SECURE"}}
